#! /usr/local/Cellar/icarus-verilog/0.9.7/bin/vvp
:ivl_version "0.9.7 " "(v0_9_7)";
:vpi_time_precision - 12;
:vpi_module "system";
:vpi_module "v2005_math";
:vpi_module "va_math";
S_0x7fe0a1413040 .scope module, "matrix_mult_vector_tb" "matrix_mult_vector_tb" 2 8;
 .timescale -12 -12;
P_0x7fe0a14069b8 .param/l "TB_CLK_PERIOD" 2 13, +C4<011111010000>;
P_0x7fe0a14069e0 .param/l "TB_RST_PERIOD" 2 14, +C4<0111110100000>;
P_0x7fe0a1406a08 .param/l "TB_TIMEOUT" 2 12, +C4<011000011010100000>;
v0x7fe0a1605ae0_0 .net "inps", 3 0, L_0x7fe0a1605cc0; 1 drivers
v0x7fe0a1605b60_0 .net "outp", 13 0, L_0x7fe0a1607480; 1 drivers
v0x7fe0a1605c20_0 .var "tb_clk", 0 0;
S_0x7fe0a1411ed0 .scope module, "my_matrix_mult_vector_test" "matrix_mult_vector_test" 2 31, 3 1, S_0x7fe0a1413040;
 .timescale 0 0;
P_0x7fe0a14111d8 .param/l "data_width" 3 5, +C4<010>;
P_0x7fe0a1411200 .param/l "m_rows" 3 3, +C4<010>;
P_0x7fe0a1411228 .param/l "n_columns" 3 4, +C4<010>;
P_0x7fe0a1411250 .param/l "num_bits" 3 13, +C4<0100>;
L_0x7fe0a1605cc0 .functor BUFZ 4, v0x7fe0a1605870_0, C4<0000>, C4<0000>, C4<0000>;
v0x7fe0a16057f0_0 .net "clk", 0 0, v0x7fe0a1605c20_0; 1 drivers
v0x7fe0a1605870_0 .var "count", 3 0;
v0x7fe0a16058f0_0 .var "multiple_counts", 7 0;
v0x7fe0a1605990_0 .alias "outp", 13 0, v0x7fe0a1605b60_0;
v0x7fe0a1605a30_0 .alias "outp_inps", 3 0, v0x7fe0a1605ae0_0;
E_0x7fe0a1415e00 .event posedge, v0x7fe0a16057f0_0;
S_0x7fe0a1415890 .scope module, "my_matrix_mult_vector" "matrix_mult_vector" 3 34, 4 1, S_0x7fe0a1411ed0;
 .timescale 0 0;
P_0x7fe0a1411288 .param/l "DW" 4 5, +C4<010>;
P_0x7fe0a14112b0 .param/l "M" 4 3, +C4<010>;
P_0x7fe0a14112d8 .param/l "N" 4 4, +C4<010>;
RS_0x103fd3518 .resolv tri, L_0x7fe0a1606850, L_0x7fe0a1607370, C4<zzzzzzzzzzzzzz>, C4<zzzzzzzzzzzzzz>;
L_0x7fe0a1607480 .functor BUFZ 14, RS_0x103fd3518, C4<00000000000000>, C4<00000000000000>, C4<00000000000000>;
v0x7fe0a1605560_0 .net8 "dot_products", 13 0, RS_0x103fd3518; 2 drivers
v0x7fe0a1605600_0 .net "matrix_inp", 7 0, v0x7fe0a16058f0_0; 1 drivers
v0x7fe0a1605690_0 .alias "outp", 13 0, v0x7fe0a1605b60_0;
v0x7fe0a1605730_0 .net "vector_inp", 3 0, v0x7fe0a1605870_0; 1 drivers
L_0x7fe0a1606780 .part v0x7fe0a16058f0_0, 0, 4;
L_0x7fe0a1606850 .part/pv L_0x7fe0a16066e0, 0, 7, 14;
L_0x7fe0a16072e0 .part v0x7fe0a16058f0_0, 4, 4;
L_0x7fe0a1607370 .part/pv L_0x7fe0a1607240, 7, 7, 14;
S_0x7fe0a16049b0 .scope generate, "product_loop[0]" "product_loop[0]" 4 20, 4 20, S_0x7fe0a1415890;
 .timescale 0 0;
P_0x7fe0a1604788 .param/l "i" 4 20, +C4<00>;
S_0x7fe0a1604af0 .scope module, "my_inner_product" "inner_product" 4 26, 5 1, S_0x7fe0a16049b0;
 .timescale -12 -12;
P_0x7fe0a1604bd8 .param/l "DW" 5 4, +C4<010>;
P_0x7fe0a1604c00 .param/l "N" 5 3, +C4<010>;
L_0x7fe0a16066e0 .functor BUFZ 7, L_0x7fe0a16061a0, C4<0000000>, C4<0000000>, C4<0000000>;
v0x7fe0a1605070_0 .net *"_s10", 1 0, L_0x7fe0a16064d0; 1 drivers
v0x7fe0a1605110_0 .net *"_s4", 1 0, L_0x7fe0a1606290; 1 drivers
v0x7fe0a16051a0_0 .net *"_s5", 4 0, L_0x7fe0a1606360; 1 drivers
v0x7fe0a1605220_0 .net *"_s8", 2 0, C4<000>; 1 drivers
v0x7fe0a16052b0_0 .net "inp1", 3 0, L_0x7fe0a1606780; 1 drivers
v0x7fe0a1605370_0 .alias "inp2", 3 0, v0x7fe0a1605730_0;
v0x7fe0a16053f0_0 .net "outp", 6 0, L_0x7fe0a16066e0; 1 drivers
v0x7fe0a16054b0 .array "sums", 1 0;
v0x7fe0a16054b0_0 .net v0x7fe0a16054b0 0, 6 0, L_0x7fe0a1606590; 1 drivers
v0x7fe0a16054b0_1 .net v0x7fe0a16054b0 1, 6 0, L_0x7fe0a16061a0; 1 drivers
L_0x7fe0a1605de0 .part L_0x7fe0a1606780, 2, 2;
L_0x7fe0a1605fe0 .part v0x7fe0a1605870_0, 2, 2;
L_0x7fe0a1606290 .part L_0x7fe0a1606780, 0, 2;
L_0x7fe0a1606360 .concat [ 2 3 0 0], L_0x7fe0a1606290, C4<000>;
L_0x7fe0a16064d0 .part v0x7fe0a1605870_0, 0, 2;
L_0x7fe0a1606590 .arith/mult 7, L_0x7fe0a1606360, L_0x7fe0a16064d0;
S_0x7fe0a1604cd0 .scope generate, "sum_loop[1]" "sum_loop[1]" 5 20, 5 20, S_0x7fe0a1604af0;
 .timescale -12 -12;
P_0x7fe0a1604db8 .param/l "i" 5 20, +C4<01>;
v0x7fe0a1604e30_0 .net *"_s2", 1 0, L_0x7fe0a1605de0; 1 drivers
v0x7fe0a1604ec0_0 .net *"_s3", 4 0, L_0x7fe0a1605e70; 1 drivers
v0x7fe0a1604f50_0 .net *"_s6", 2 0, C4<000>; 1 drivers
v0x7fe0a1604ff0_0 .net *"_s7", 1 0, L_0x7fe0a1605fe0; 1 drivers
v0x7fe0a1500030_0 .net *"_s9", 6 0, L_0x7fe0a1606070; 1 drivers
L_0x7fe0a1605e70 .concat [ 2 3 0 0], L_0x7fe0a1605de0, C4<000>;
L_0x7fe0a1606070 .arith/mult 7, L_0x7fe0a1605e70, L_0x7fe0a1605fe0;
L_0x7fe0a16061a0 .arith/sum 7, L_0x7fe0a1606590, L_0x7fe0a1606070;
S_0x7fe0a1414710 .scope generate, "product_loop[1]" "product_loop[1]" 4 20, 4 20, S_0x7fe0a1415890;
 .timescale 0 0;
P_0x7fe0a1407768 .param/l "i" 4 20, +C4<01>;
S_0x7fe0a1410d30 .scope module, "my_inner_product" "inner_product" 4 26, 5 1, S_0x7fe0a1414710;
 .timescale -12 -12;
P_0x7fe0a14090e8 .param/l "DW" 5 4, +C4<010>;
P_0x7fe0a1409110 .param/l "N" 5 3, +C4<010>;
L_0x7fe0a1607240 .functor BUFZ 7, L_0x7fe0a1606ca0, C4<0000000>, C4<0000000>, C4<0000000>;
v0x7fe0a16044c0_0 .net *"_s10", 1 0, L_0x7fe0a1606fb0; 1 drivers
v0x7fe0a1604560_0 .net *"_s4", 1 0, L_0x7fe0a1606d90; 1 drivers
v0x7fe0a16045f0_0 .net *"_s5", 4 0, L_0x7fe0a1606e60; 1 drivers
v0x7fe0a1604670_0 .net *"_s8", 2 0, C4<000>; 1 drivers
v0x7fe0a1604700_0 .net "inp1", 3 0, L_0x7fe0a16072e0; 1 drivers
v0x7fe0a16047c0_0 .alias "inp2", 3 0, v0x7fe0a1605730_0;
v0x7fe0a1604850_0 .net "outp", 6 0, L_0x7fe0a1607240; 1 drivers
v0x7fe0a1604910 .array "sums", 1 0;
v0x7fe0a1604910_0 .net v0x7fe0a1604910 0, 6 0, L_0x7fe0a1607170; 1 drivers
v0x7fe0a1604910_1 .net v0x7fe0a1604910 1, 6 0, L_0x7fe0a1606ca0; 1 drivers
L_0x7fe0a1606920 .part L_0x7fe0a16072e0, 2, 2;
L_0x7fe0a1606b00 .part v0x7fe0a1605870_0, 2, 2;
L_0x7fe0a1606d90 .part L_0x7fe0a16072e0, 0, 2;
L_0x7fe0a1606e60 .concat [ 2 3 0 0], L_0x7fe0a1606d90, C4<000>;
L_0x7fe0a1606fb0 .part v0x7fe0a1605870_0, 0, 2;
L_0x7fe0a1607170 .arith/mult 7, L_0x7fe0a1606e60, L_0x7fe0a1606fb0;
S_0x7fe0a1408cf0 .scope generate, "sum_loop[1]" "sum_loop[1]" 5 20, 5 20, S_0x7fe0a1410d30;
 .timescale -12 -12;
P_0x7fe0a1409048 .param/l "i" 5 20, +C4<01>;
v0x7fe0a1410e10_0 .net *"_s2", 1 0, L_0x7fe0a1606920; 1 drivers
v0x7fe0a1604230_0 .net *"_s3", 4 0, L_0x7fe0a16069b0; 1 drivers
v0x7fe0a16042c0_0 .net *"_s6", 2 0, C4<000>; 1 drivers
v0x7fe0a1604370_0 .net *"_s7", 1 0, L_0x7fe0a1606b00; 1 drivers
v0x7fe0a1604400_0 .net *"_s9", 6 0, L_0x7fe0a1606b90; 1 drivers
L_0x7fe0a16069b0 .concat [ 2 3 0 0], L_0x7fe0a1606920, C4<000>;
L_0x7fe0a1606b90 .arith/mult 7, L_0x7fe0a16069b0, L_0x7fe0a1606b00;
L_0x7fe0a1606ca0 .arith/sum 7, L_0x7fe0a1607170, L_0x7fe0a1606b90;
    .scope S_0x7fe0a1411ed0;
T_0 ;
    %set/v v0x7fe0a1605870_0, 0, 4;
    %set/v v0x7fe0a16058f0_0, 0, 8;
    %end;
    .thread T_0;
    .scope S_0x7fe0a1411ed0;
T_1 ;
    %wait E_0x7fe0a1415e00;
    %load/v 8, v0x7fe0a1605870_0, 4;
    %mov 12, 0, 28;
    %addi 8, 1, 32;
    %ix/load 0, 4, 0;
    %assign/v0 v0x7fe0a1605870_0, 0, 8;
    %load/v 8, v0x7fe0a16058f0_0, 8;
    %mov 16, 0, 24;
    %addi 8, 1, 32;
    %ix/load 0, 8, 0;
    %assign/v0 v0x7fe0a16058f0_0, 0, 8;
    %jmp T_1;
    .thread T_1;
    .scope S_0x7fe0a1413040;
T_2 ;
    %delay 100000, 0;
    %vpi_call 2 16 "$finish";
    %end;
    .thread T_2;
    .scope S_0x7fe0a1413040;
T_3 ;
    %set/v v0x7fe0a1605c20_0, 0, 1;
    %end;
    .thread T_3;
    .scope S_0x7fe0a1413040;
T_4 ;
    %delay 1000, 0;
    %load/v 8, v0x7fe0a1605c20_0, 1;
    %inv 8, 1;
    %set/v v0x7fe0a1605c20_0, 8, 1;
    %jmp T_4;
    .thread T_4;
    .scope S_0x7fe0a1413040;
T_5 ;
    %wait E_0x7fe0a1415e00;
    %vpi_call 2 38 "$display", "inps = ", v0x7fe0a1605ae0_0, " => outp = ", v0x7fe0a1605b60_0;
    %jmp T_5;
    .thread T_5;
# The file index is used to find the file name in the following table.
:file_names 6;
    "N/A";
    "<interactive>";
    "matrix_mult_vector_tb.v";
    "matrix_mult_vector_test.v";
    "matrix_mult_vector.v";
    "inner_product.v";
